This file contains any messages produced by compilers while
running configure, to aid debugging if configure makes a mistake.

It was created by configure, which was
generated by GNU Autoconf 2.59.  Invocation command line was

  $ ./configure 

## --------- ##
## Platform. ##
## --------- ##

hostname = shiva
uname -m = x86_64
uname -r = 5.15.146.1-microsoft-standard-WSL2
uname -s = Linux
uname -v = #1 SMP Thu Jan 11 04:09:03 UTC 2024

/usr/bin/uname -p = x86_64
/bin/uname -X     = unknown

/bin/arch              = x86_64
/usr/bin/arch -k       = unknown
/usr/convex/getsysinfo = unknown
hostinfo               = unknown
/bin/machine           = unknown
/usr/bin/oslevel       = unknown
/bin/universe          = unknown

PATH: /home/shiva/.pyenv/plugins/pyenv-virtualenv/shims
PATH: /home/shiva/.pyenv/shims
PATH: /home/shiva/.pyenv/bin
PATH: /home/shiva/.asdf/shims
PATH: /home/shiva/.asdf/bin
PATH: /home/shiva/.pyenv/plugins/pyenv-virtualenv/shims
PATH: /home/shiva/.pyenv/bin
PATH: /usr/local/sbin
PATH: /usr/local/bin
PATH: /usr/sbin
PATH: /usr/bin
PATH: /sbin
PATH: /bin
PATH: /usr/games
PATH: /usr/local/games
PATH: /usr/lib/wsl/lib
PATH: /mnt/c/Windows/system32
PATH: /mnt/c/Windows
PATH: /mnt/c/Windows/System32/Wbem
PATH: /mnt/c/Windows/System32/WindowsPowerShell/v1.0/
PATH: /mnt/c/Windows/System32/OpenSSH/
PATH: /mnt/c/Program Files/MATLAB/R2023b/bin
PATH: /mnt/c/Program Files/Nordic Semiconductor/nrf-command-line-tools/bin/
PATH: /mnt/c/Program Files/PuTTY/
PATH: /mnt/c/Program Files (x86)/Pulse Secure/VC142.CRT/X64/
PATH: /mnt/c/Program Files (x86)/Pulse Secure/VC142.CRT/X86/
PATH: /mnt/c/Program Files (x86)/Common Files/Pulse Secure/TNC Client Plugin/
PATH: /mnt/c/Program Files/Git/cmd
PATH: /mnt/c/Users/shank/AppData/Local/Microsoft/WindowsApps
PATH: /mnt/c/Users/shank/AppData/Local/JetBrains/Toolbox/scripts
PATH: /mnt/c/Users/shank/AppData/Local/Programs/Microsoft VS Code/bin
PATH: /snap/bin


## ----------- ##
## Core tests. ##
## ----------- ##

configure:1350: checking for a BSD-compatible install
configure:1405: result: /usr/bin/install -c
configure:1416: checking whether build environment is sane
configure:1459: result: yes
configure:1516: checking for gawk
configure:1532: found /usr/bin/gawk
configure:1542: result: gawk
configure:1552: checking whether make sets $(MAKE)
configure:1572: result: yes
configure:1789: checking for gcc
configure:1805: found /usr/bin/gcc
configure:1815: result: gcc
configure:2059: checking for C compiler version
configure:2062: gcc --version </dev/null >&5
gcc (Ubuntu 11.4.0-1ubuntu1~22.04) 11.4.0
Copyright (C) 2021 Free Software Foundation, Inc.
This is free software; see the source for copying conditions.  There is NO
warranty; not even for MERCHANTABILITY or FITNESS FOR A PARTICULAR PURPOSE.

configure:2065: $? = 0
configure:2067: gcc -v </dev/null >&5
Using built-in specs.
COLLECT_GCC=gcc
COLLECT_LTO_WRAPPER=/usr/lib/gcc/x86_64-linux-gnu/11/lto-wrapper
OFFLOAD_TARGET_NAMES=nvptx-none:amdgcn-amdhsa
OFFLOAD_TARGET_DEFAULT=1
Target: x86_64-linux-gnu
Configured with: ../src/configure -v --with-pkgversion='Ubuntu 11.4.0-1ubuntu1~22.04' --with-bugurl=file:///usr/share/doc/gcc-11/README.Bugs --enable-languages=c,ada,c++,go,brig,d,fortran,objc,obj-c++,m2 --prefix=/usr --with-gcc-major-version-only --program-suffix=-11 --program-prefix=x86_64-linux-gnu- --enable-shared --enable-linker-build-id --libexecdir=/usr/lib --without-included-gettext --enable-threads=posix --libdir=/usr/lib --enable-nls --enable-bootstrap --enable-clocale=gnu --enable-libstdcxx-debug --enable-libstdcxx-time=yes --with-default-libstdcxx-abi=new --enable-gnu-unique-object --disable-vtable-verify --enable-plugin --enable-default-pie --with-system-zlib --enable-libphobos-checking=release --with-target-system-zlib=auto --enable-objc-gc=auto --enable-multiarch --disable-werror --enable-cet --with-arch-32=i686 --with-abi=m64 --with-multilib-list=m32,m64,mx32 --enable-multilib --with-tune=generic --enable-offload-targets=nvptx-none=/build/gcc-11-XeT9lY/gcc-11-11.4.0/debian/tmp-nvptx/usr,amdgcn-amdhsa=/build/gcc-11-XeT9lY/gcc-11-11.4.0/debian/tmp-gcn/usr --without-cuda-driver --enable-checking=release --build=x86_64-linux-gnu --host=x86_64-linux-gnu --target=x86_64-linux-gnu --with-build-config=bootstrap-lto-lean --enable-link-serialization=2
Thread model: posix
Supported LTO compression algorithms: zlib zstd
gcc version 11.4.0 (Ubuntu 11.4.0-1ubuntu1~22.04) 
configure:2070: $? = 0
configure:2072: gcc -V </dev/null >&5
gcc: error: unrecognized command-line option '-V'
gcc: fatal error: no input files
compilation terminated.
configure:2075: $? = 1
configure:2098: checking for C compiler default output file name
configure:2101: gcc    conftest.c  >&5
configure:2104: $? = 0
configure:2150: result: a.out
configure:2155: checking whether the C compiler works
configure:2161: ./a.out
configure:2164: $? = 0
configure:2181: result: yes
configure:2188: checking whether we are cross compiling
configure:2190: result: no
configure:2193: checking for suffix of executables
configure:2195: gcc -o conftest    conftest.c  >&5
configure:2198: $? = 0
configure:2223: result: 
configure:2229: checking for suffix of object files
configure:2250: gcc -c   conftest.c >&5
configure:2253: $? = 0
configure:2275: result: o
configure:2279: checking whether we are using the GNU C compiler
configure:2303: gcc -c   conftest.c >&5
configure:2309: $? = 0
configure:2313: test -z 
			 || test ! -s conftest.err
configure:2316: $? = 0
configure:2319: test -s conftest.o
configure:2322: $? = 0
configure:2335: result: yes
configure:2341: checking whether gcc accepts -g
configure:2362: gcc -c -g  conftest.c >&5
configure:2368: $? = 0
configure:2372: test -z 
			 || test ! -s conftest.err
configure:2375: $? = 0
configure:2378: test -s conftest.o
configure:2381: $? = 0
configure:2392: result: yes
configure:2409: checking for gcc option to accept ANSI C
configure:2479: gcc  -c -g -O2  conftest.c >&5
configure:2485: $? = 0
configure:2489: test -z 
			 || test ! -s conftest.err
configure:2492: $? = 0
configure:2495: test -s conftest.o
configure:2498: $? = 0
configure:2516: result: none needed
configure:2534: gcc -c -g -O2  conftest.c >&5
conftest.c:2:3: error: unknown type name 'choke'
    2 |   choke me
      |   ^~~~~
conftest.c:2:3: error: expected '=', ',', ';', 'asm' or '__attribute__' at end of input
configure:2540: $? = 1
configure: failed program was:
| #ifndef __cplusplus
|   choke me
| #endif
configure:2684: checking for style of include used by make
configure:2712: result: GNU
configure:2740: checking dependency style of gcc
configure:2825: result: gcc3
configure:2894: checking for g++
configure:2910: found /usr/bin/g++
configure:2920: result: g++
configure:2936: checking for C++ compiler version
configure:2939: g++ --version </dev/null >&5
g++ (Ubuntu 11.4.0-1ubuntu1~22.04) 11.4.0
Copyright (C) 2021 Free Software Foundation, Inc.
This is free software; see the source for copying conditions.  There is NO
warranty; not even for MERCHANTABILITY or FITNESS FOR A PARTICULAR PURPOSE.

configure:2942: $? = 0
configure:2944: g++ -v </dev/null >&5
Using built-in specs.
COLLECT_GCC=g++
COLLECT_LTO_WRAPPER=/usr/lib/gcc/x86_64-linux-gnu/11/lto-wrapper
OFFLOAD_TARGET_NAMES=nvptx-none:amdgcn-amdhsa
OFFLOAD_TARGET_DEFAULT=1
Target: x86_64-linux-gnu
Configured with: ../src/configure -v --with-pkgversion='Ubuntu 11.4.0-1ubuntu1~22.04' --with-bugurl=file:///usr/share/doc/gcc-11/README.Bugs --enable-languages=c,ada,c++,go,brig,d,fortran,objc,obj-c++,m2 --prefix=/usr --with-gcc-major-version-only --program-suffix=-11 --program-prefix=x86_64-linux-gnu- --enable-shared --enable-linker-build-id --libexecdir=/usr/lib --without-included-gettext --enable-threads=posix --libdir=/usr/lib --enable-nls --enable-bootstrap --enable-clocale=gnu --enable-libstdcxx-debug --enable-libstdcxx-time=yes --with-default-libstdcxx-abi=new --enable-gnu-unique-object --disable-vtable-verify --enable-plugin --enable-default-pie --with-system-zlib --enable-libphobos-checking=release --with-target-system-zlib=auto --enable-objc-gc=auto --enable-multiarch --disable-werror --enable-cet --with-arch-32=i686 --with-abi=m64 --with-multilib-list=m32,m64,mx32 --enable-multilib --with-tune=generic --enable-offload-targets=nvptx-none=/build/gcc-11-XeT9lY/gcc-11-11.4.0/debian/tmp-nvptx/usr,amdgcn-amdhsa=/build/gcc-11-XeT9lY/gcc-11-11.4.0/debian/tmp-gcn/usr --without-cuda-driver --enable-checking=release --build=x86_64-linux-gnu --host=x86_64-linux-gnu --target=x86_64-linux-gnu --with-build-config=bootstrap-lto-lean --enable-link-serialization=2
Thread model: posix
Supported LTO compression algorithms: zlib zstd
gcc version 11.4.0 (Ubuntu 11.4.0-1ubuntu1~22.04) 
configure:2947: $? = 0
configure:2949: g++ -V </dev/null >&5
g++: error: unrecognized command-line option '-V'
g++: fatal error: no input files
compilation terminated.
configure:2952: $? = 1
configure:2955: checking whether we are using the GNU C++ compiler
configure:2979: g++ -c   conftest.cc >&5
configure:2985: $? = 0
configure:2989: test -z 
			 || test ! -s conftest.err
configure:2992: $? = 0
configure:2995: test -s conftest.o
configure:2998: $? = 0
configure:3011: result: yes
configure:3017: checking whether g++ accepts -g
configure:3038: g++ -c -g  conftest.cc >&5
configure:3044: $? = 0
configure:3048: test -z 
			 || test ! -s conftest.err
configure:3051: $? = 0
configure:3054: test -s conftest.o
configure:3057: $? = 0
configure:3068: result: yes
configure:3110: g++ -c -g -O2  conftest.cc >&5
configure:3116: $? = 0
configure:3120: test -z 
			 || test ! -s conftest.err
configure:3123: $? = 0
configure:3126: test -s conftest.o
configure:3129: $? = 0
configure:3155: g++ -c -g -O2  conftest.cc >&5
conftest.cc: In function 'int main()':
conftest.cc:15:1: error: 'exit' was not declared in this scope
   15 | exit (42);
      | ^~~~
configure:3161: $? = 1
configure: failed program was:
| /* confdefs.h.  */
| 
| #define PACKAGE_NAME ""
| #define PACKAGE_TARNAME ""
| #define PACKAGE_VERSION ""
| #define PACKAGE_STRING ""
| #define PACKAGE_BUGREPORT ""
| #define PACKAGE "SimIt-ARM"
| #define VERSION "3.0"
| /* end confdefs.h.  */
| 
| int
| main ()
| {
| exit (42);
|   ;
|   return 0;
| }
configure:3110: g++ -c -g -O2  conftest.cc >&5
conftest.cc:11:17: warning: 'void std::exit(int)' has not been declared within 'std'
   11 | extern "C" void std::exit (int) throw (); using std::exit;
      |                 ^~~
<built-in>: note: only here as a 'friend'
configure:3116: $? = 0
configure:3120: test -z 
			 || test ! -s conftest.err
configure:3123: $? = 0
configure:3126: test -s conftest.o
configure:3129: $? = 0
configure:3155: g++ -c -g -O2  conftest.cc >&5
conftest.cc:11:17: warning: 'void std::exit(int)' has not been declared within 'std'
   11 | extern "C" void std::exit (int) throw (); using std::exit;
      |                 ^~~
<built-in>: note: only here as a 'friend'
configure:3161: $? = 0
configure:3165: test -z 
			 || test ! -s conftest.err
configure:3168: $? = 0
configure:3171: test -s conftest.o
configure:3174: $? = 0
configure:3199: checking dependency style of g++
configure:3284: result: gcc3
configure:3342: checking for ranlib
configure:3358: found /usr/bin/ranlib
configure:3369: result: ranlib
configure:3394: checking for a BSD-compatible install
configure:3449: result: /usr/bin/install -c
configure:3465: checking for flex
configure:3494: result: no
configure:3465: checking for lex
configure:3494: result: no
configure:3504: checking for yywrap in -lfl
configure:3534: gcc -o conftest -g -O2   conftest.c -lfl   >&5
/usr/bin/ld: cannot find -lfl: No such file or directory
collect2: error: ld returned 1 exit status
configure:3540: $? = 1
configure: failed program was:
| /* confdefs.h.  */
| 
| #define PACKAGE_NAME ""
| #define PACKAGE_TARNAME ""
| #define PACKAGE_VERSION ""
| #define PACKAGE_STRING ""
| #define PACKAGE_BUGREPORT ""
| #define PACKAGE "SimIt-ARM"
| #define VERSION "3.0"
| #ifdef __cplusplus
| extern "C" void std::exit (int) throw (); using std::exit;
| #endif
| /* end confdefs.h.  */
| 
| /* Override any gcc2 internal prototype to avoid an error.  */
| #ifdef __cplusplus
| extern "C"
| #endif
| /* We use char because int might match the return type of a gcc2
|    builtin and then its argument prototype would still apply.  */
| char yywrap ();
| int
| main ()
| {
| yywrap ();
|   ;
|   return 0;
| }
configure:3566: result: no
configure:3571: checking for yywrap in -ll
configure:3601: gcc -o conftest -g -O2   conftest.c -ll   >&5
/usr/bin/ld: cannot find -ll: No such file or directory
collect2: error: ld returned 1 exit status
configure:3607: $? = 1
configure: failed program was:
| /* confdefs.h.  */
| 
| #define PACKAGE_NAME ""
| #define PACKAGE_TARNAME ""
| #define PACKAGE_VERSION ""
| #define PACKAGE_STRING ""
| #define PACKAGE_BUGREPORT ""
| #define PACKAGE "SimIt-ARM"
| #define VERSION "3.0"
| #ifdef __cplusplus
| extern "C" void std::exit (int) throw (); using std::exit;
| #endif
| /* end confdefs.h.  */
| 
| /* Override any gcc2 internal prototype to avoid an error.  */
| #ifdef __cplusplus
| extern "C"
| #endif
| /* We use char because int might match the return type of a gcc2
|    builtin and then its argument prototype would still apply.  */
| char yywrap ();
| int
| main ()
| {
| yywrap ();
|   ;
|   return 0;
| }
configure:3633: result: no
configure:3742: checking for bison
configure:3771: result: no
configure:3742: checking for byacc
configure:3771: result: no
configure:3790: checking whether g++ is g++
configure:3793: g++ -c conftest.c >&5
configure:3796: $? = 0
configure:3799: result: yes
configure:3830: checking whether g++ is g++3 or 4
configure:3833: g++ -c conftest.c >&5
configure:3836: $? = 0
configure:3839: result: yes
configure:3858: checking whether g++ accepts -O3 -finline-limit=5000 -fomit-frame-pointer
configure:3861: g++ -O3 -finline-limit=5000 -fomit-frame-pointer -c conftest.c >&5
configure:3864: $? = 0
configure:3867: result: yes
configure:4127: checking how to run the C preprocessor
configure:4162: gcc -E  conftest.c
configure:4168: $? = 0
configure:4200: gcc -E  conftest.c
conftest.c:14:10: fatal error: ac_nonexistent.h: No such file or directory
   14 | #include <ac_nonexistent.h>
      |          ^~~~~~~~~~~~~~~~~~
compilation terminated.
configure:4206: $? = 1
configure: failed program was:
| /* confdefs.h.  */
| 
| #define PACKAGE_NAME ""
| #define PACKAGE_TARNAME ""
| #define PACKAGE_VERSION ""
| #define PACKAGE_STRING ""
| #define PACKAGE_BUGREPORT ""
| #define PACKAGE "SimIt-ARM"
| #define VERSION "3.0"
| #ifdef __cplusplus
| extern "C" void std::exit (int) throw (); using std::exit;
| #endif
| /* end confdefs.h.  */
| #include <ac_nonexistent.h>
configure:4245: result: gcc -E
configure:4269: gcc -E  conftest.c
configure:4275: $? = 0
configure:4307: gcc -E  conftest.c
conftest.c:14:10: fatal error: ac_nonexistent.h: No such file or directory
   14 | #include <ac_nonexistent.h>
      |          ^~~~~~~~~~~~~~~~~~
compilation terminated.
configure:4313: $? = 1
configure: failed program was:
| /* confdefs.h.  */
| 
| #define PACKAGE_NAME ""
| #define PACKAGE_TARNAME ""
| #define PACKAGE_VERSION ""
| #define PACKAGE_STRING ""
| #define PACKAGE_BUGREPORT ""
| #define PACKAGE "SimIt-ARM"
| #define VERSION "3.0"
| #ifdef __cplusplus
| extern "C" void std::exit (int) throw (); using std::exit;
| #endif
| /* end confdefs.h.  */
| #include <ac_nonexistent.h>
configure:4357: checking for egrep
configure:4367: result: grep -E
configure:4372: checking for ANSI C header files
configure:4397: gcc -c -g -O2  conftest.c >&5
configure:4403: $? = 0
configure:4407: test -z 
			 || test ! -s conftest.err
configure:4410: $? = 0
configure:4413: test -s conftest.o
configure:4416: $? = 0
configure:4505: gcc -o conftest -g -O2   conftest.c  >&5
conftest.c: In function 'main':
conftest.c:31:7: warning: implicit declaration of function 'exit' [-Wimplicit-function-declaration]
   31 |       exit(2);
      |       ^~~~
conftest.c:15:1: note: include '<stdlib.h>' or provide a declaration of 'exit'
   14 | #include <ctype.h>
  +++ |+#include <stdlib.h>
   15 | #if ((' ' & 0x0FF) == 0x020)
conftest.c:31:7: warning: incompatible implicit declaration of built-in function 'exit' [-Wbuiltin-declaration-mismatch]
   31 |       exit(2);
      |       ^~~~
conftest.c:31:7: note: include '<stdlib.h>' or provide a declaration of 'exit'
conftest.c:32:3: warning: incompatible implicit declaration of built-in function 'exit' [-Wbuiltin-declaration-mismatch]
   32 |   exit (0);
      |   ^~~~
conftest.c:32:3: note: include '<stdlib.h>' or provide a declaration of 'exit'
configure:4508: $? = 0
configure:4510: ./conftest
configure:4513: $? = 0
configure:4528: result: yes
configure:4552: checking for sys/types.h
configure:4568: gcc -c -g -O2  conftest.c >&5
configure:4574: $? = 0
configure:4578: test -z 
			 || test ! -s conftest.err
configure:4581: $? = 0
configure:4584: test -s conftest.o
configure:4587: $? = 0
configure:4598: result: yes
configure:4552: checking for sys/stat.h
configure:4568: gcc -c -g -O2  conftest.c >&5
configure:4574: $? = 0
configure:4578: test -z 
			 || test ! -s conftest.err
configure:4581: $? = 0
configure:4584: test -s conftest.o
configure:4587: $? = 0
configure:4598: result: yes
configure:4552: checking for stdlib.h
configure:4568: gcc -c -g -O2  conftest.c >&5
configure:4574: $? = 0
configure:4578: test -z 
			 || test ! -s conftest.err
configure:4581: $? = 0
configure:4584: test -s conftest.o
configure:4587: $? = 0
configure:4598: result: yes
configure:4552: checking for string.h
configure:4568: gcc -c -g -O2  conftest.c >&5
configure:4574: $? = 0
configure:4578: test -z 
			 || test ! -s conftest.err
configure:4581: $? = 0
configure:4584: test -s conftest.o
configure:4587: $? = 0
configure:4598: result: yes
configure:4552: checking for memory.h
configure:4568: gcc -c -g -O2  conftest.c >&5
configure:4574: $? = 0
configure:4578: test -z 
			 || test ! -s conftest.err
configure:4581: $? = 0
configure:4584: test -s conftest.o
configure:4587: $? = 0
configure:4598: result: yes
configure:4552: checking for strings.h
configure:4568: gcc -c -g -O2  conftest.c >&5
configure:4574: $? = 0
configure:4578: test -z 
			 || test ! -s conftest.err
configure:4581: $? = 0
configure:4584: test -s conftest.o
configure:4587: $? = 0
configure:4598: result: yes
configure:4552: checking for inttypes.h
configure:4568: gcc -c -g -O2  conftest.c >&5
configure:4574: $? = 0
configure:4578: test -z 
			 || test ! -s conftest.err
configure:4581: $? = 0
configure:4584: test -s conftest.o
configure:4587: $? = 0
configure:4598: result: yes
configure:4552: checking for stdint.h
configure:4568: gcc -c -g -O2  conftest.c >&5
configure:4574: $? = 0
configure:4578: test -z 
			 || test ! -s conftest.err
configure:4581: $? = 0
configure:4584: test -s conftest.o
configure:4587: $? = 0
configure:4598: result: yes
configure:4552: checking for unistd.h
configure:4568: gcc -c -g -O2  conftest.c >&5
configure:4574: $? = 0
configure:4578: test -z 
			 || test ! -s conftest.err
configure:4581: $? = 0
configure:4584: test -s conftest.o
configure:4587: $? = 0
configure:4598: result: yes
configure:4636: checking arpa/inet.h usability
configure:4648: gcc -c -g -O2  conftest.c >&5
configure:4654: $? = 0
configure:4658: test -z 
			 || test ! -s conftest.err
configure:4661: $? = 0
configure:4664: test -s conftest.o
configure:4667: $? = 0
configure:4677: result: yes
configure:4681: checking arpa/inet.h presence
configure:4691: gcc -E  conftest.c
configure:4697: $? = 0
configure:4717: result: yes
configure:4752: checking for arpa/inet.h
configure:4759: result: yes
configure:4636: checking fcntl.h usability
configure:4648: gcc -c -g -O2  conftest.c >&5
configure:4654: $? = 0
configure:4658: test -z 
			 || test ! -s conftest.err
configure:4661: $? = 0
configure:4664: test -s conftest.o
configure:4667: $? = 0
configure:4677: result: yes
configure:4681: checking fcntl.h presence
configure:4691: gcc -E  conftest.c
configure:4697: $? = 0
configure:4717: result: yes
configure:4752: checking for fcntl.h
configure:4759: result: yes
configure:4627: checking for inttypes.h
configure:4632: result: yes
configure:4636: checking netinet/in.h usability
configure:4648: gcc -c -g -O2  conftest.c >&5
configure:4654: $? = 0
configure:4658: test -z 
			 || test ! -s conftest.err
configure:4661: $? = 0
configure:4664: test -s conftest.o
configure:4667: $? = 0
configure:4677: result: yes
configure:4681: checking netinet/in.h presence
configure:4691: gcc -E  conftest.c
configure:4697: $? = 0
configure:4717: result: yes
configure:4752: checking for netinet/in.h
configure:4759: result: yes
configure:4636: checking stddef.h usability
configure:4648: gcc -c -g -O2  conftest.c >&5
configure:4654: $? = 0
configure:4658: test -z 
			 || test ! -s conftest.err
configure:4661: $? = 0
configure:4664: test -s conftest.o
configure:4667: $? = 0
configure:4677: result: yes
configure:4681: checking stddef.h presence
configure:4691: gcc -E  conftest.c
configure:4697: $? = 0
configure:4717: result: yes
configure:4752: checking for stddef.h
configure:4759: result: yes
configure:4627: checking for stdint.h
configure:4632: result: yes
configure:4627: checking for stdlib.h
configure:4632: result: yes
configure:4627: checking for string.h
configure:4632: result: yes
configure:4636: checking sys/socket.h usability
configure:4648: gcc -c -g -O2  conftest.c >&5
configure:4654: $? = 0
configure:4658: test -z 
			 || test ! -s conftest.err
configure:4661: $? = 0
configure:4664: test -s conftest.o
configure:4667: $? = 0
configure:4677: result: yes
configure:4681: checking sys/socket.h presence
configure:4691: gcc -E  conftest.c
configure:4697: $? = 0
configure:4717: result: yes
configure:4752: checking for sys/socket.h
configure:4759: result: yes
configure:4636: checking sys/time.h usability
configure:4648: gcc -c -g -O2  conftest.c >&5
configure:4654: $? = 0
configure:4658: test -z 
			 || test ! -s conftest.err
configure:4661: $? = 0
configure:4664: test -s conftest.o
configure:4667: $? = 0
configure:4677: result: yes
configure:4681: checking sys/time.h presence
configure:4691: gcc -E  conftest.c
configure:4697: $? = 0
configure:4717: result: yes
configure:4752: checking for sys/time.h
configure:4759: result: yes
configure:4636: checking sys/resource.h usability
configure:4648: gcc -c -g -O2  conftest.c >&5
configure:4654: $? = 0
configure:4658: test -z 
			 || test ! -s conftest.err
configure:4661: $? = 0
configure:4664: test -s conftest.o
configure:4667: $? = 0
configure:4677: result: yes
configure:4681: checking sys/resource.h presence
configure:4691: gcc -E  conftest.c
configure:4697: $? = 0
configure:4717: result: yes
configure:4752: checking for sys/resource.h
configure:4759: result: yes
configure:4636: checking termios.h usability
configure:4648: gcc -c -g -O2  conftest.c >&5
configure:4654: $? = 0
configure:4658: test -z 
			 || test ! -s conftest.err
configure:4661: $? = 0
configure:4664: test -s conftest.o
configure:4667: $? = 0
configure:4677: result: yes
configure:4681: checking termios.h presence
configure:4691: gcc -E  conftest.c
configure:4697: $? = 0
configure:4717: result: yes
configure:4752: checking for termios.h
configure:4759: result: yes
configure:4627: checking for unistd.h
configure:4632: result: yes
configure:4776: checking for an ANSI C-conforming const
configure:4843: gcc -c -g -O2  conftest.c >&5
configure:4849: $? = 0
configure:4853: test -z 
			 || test ! -s conftest.err
configure:4856: $? = 0
configure:4859: test -s conftest.o
configure:4862: $? = 0
configure:4873: result: yes
configure:4883: checking for uid_t in sys/types.h
configure:4906: result: yes
configure:4921: checking for inline
configure:4942: gcc -c -g -O2  conftest.c >&5
configure:4948: $? = 0
configure:4952: test -z 
			 || test ! -s conftest.err
configure:4955: $? = 0
configure:4958: test -s conftest.o
configure:4961: $? = 0
configure:4973: result: inline
configure:4992: checking whether byte ordering is bigendian
configure:5019: gcc -c -g -O2  conftest.c >&5
configure:5025: $? = 0
configure:5029: test -z 
			 || test ! -s conftest.err
configure:5032: $? = 0
configure:5035: test -s conftest.o
configure:5038: $? = 0
configure:5062: gcc -c -g -O2  conftest.c >&5
conftest.c: In function 'main':
conftest.c:44:2: error: unknown type name 'not'; did you mean 'ino_t'?
   44 |  not big endian
      |  ^~~
      |  ino_t
conftest.c:44:10: error: expected '=', ',', ';', 'asm' or '__attribute__' before 'endian'
   44 |  not big endian
      |          ^~~~~~
configure:5068: $? = 1
configure: failed program was:
| /* confdefs.h.  */
| 
| #define PACKAGE_NAME ""
| #define PACKAGE_TARNAME ""
| #define PACKAGE_VERSION ""
| #define PACKAGE_STRING ""
| #define PACKAGE_BUGREPORT ""
| #define PACKAGE "SimIt-ARM"
| #define VERSION "3.0"
| #ifdef __cplusplus
| extern "C" void std::exit (int) throw (); using std::exit;
| #endif
| #define STDC_HEADERS 1
| #define HAVE_SYS_TYPES_H 1
| #define HAVE_SYS_STAT_H 1
| #define HAVE_STDLIB_H 1
| #define HAVE_STRING_H 1
| #define HAVE_MEMORY_H 1
| #define HAVE_STRINGS_H 1
| #define HAVE_INTTYPES_H 1
| #define HAVE_STDINT_H 1
| #define HAVE_UNISTD_H 1
| #define HAVE_ARPA_INET_H 1
| #define HAVE_FCNTL_H 1
| #define HAVE_INTTYPES_H 1
| #define HAVE_NETINET_IN_H 1
| #define HAVE_STDDEF_H 1
| #define HAVE_STDINT_H 1
| #define HAVE_STDLIB_H 1
| #define HAVE_STRING_H 1
| #define HAVE_SYS_SOCKET_H 1
| #define HAVE_SYS_TIME_H 1
| #define HAVE_SYS_RESOURCE_H 1
| #define HAVE_TERMIOS_H 1
| #define HAVE_UNISTD_H 1
| /* end confdefs.h.  */
| #include <sys/types.h>
| #include <sys/param.h>
| 
| int
| main ()
| {
| #if BYTE_ORDER != BIG_ENDIAN
|  not big endian
| #endif
| 
|   ;
|   return 0;
| }
configure:5203: result: no
configure:5222: checking for mode_t
configure:5246: gcc -c -g -O2  conftest.c >&5
configure:5252: $? = 0
configure:5256: test -z 
			 || test ! -s conftest.err
configure:5259: $? = 0
configure:5262: test -s conftest.o
configure:5265: $? = 0
configure:5276: result: yes
configure:5288: checking for off_t
configure:5312: gcc -c -g -O2  conftest.c >&5
configure:5318: $? = 0
configure:5322: test -z 
			 || test ! -s conftest.err
configure:5325: $? = 0
configure:5328: test -s conftest.o
configure:5331: $? = 0
configure:5342: result: yes
configure:5354: checking for pid_t
configure:5378: gcc -c -g -O2  conftest.c >&5
configure:5384: $? = 0
configure:5388: test -z 
			 || test ! -s conftest.err
configure:5391: $? = 0
configure:5394: test -s conftest.o
configure:5397: $? = 0
configure:5408: result: yes
configure:5420: checking for size_t
configure:5444: gcc -c -g -O2  conftest.c >&5
configure:5450: $? = 0
configure:5454: test -z 
			 || test ! -s conftest.err
configure:5457: $? = 0
configure:5460: test -s conftest.o
configure:5463: $? = 0
configure:5474: result: yes
configure:5486: checking for struct stat.st_blksize
configure:5509: gcc -c -g -O2  conftest.c >&5
configure:5515: $? = 0
configure:5519: test -z 
			 || test ! -s conftest.err
configure:5522: $? = 0
configure:5525: test -s conftest.o
configure:5528: $? = 0
configure:5585: result: yes
configure:5596: checking for struct stat.st_blocks
configure:5619: gcc -c -g -O2  conftest.c >&5
configure:5625: $? = 0
configure:5629: test -z 
			 || test ! -s conftest.err
configure:5632: $? = 0
configure:5635: test -s conftest.o
configure:5638: $? = 0
configure:5695: result: yes
configure:5720: checking for struct stat.st_rdev
configure:5743: gcc -c -g -O2  conftest.c >&5
configure:5749: $? = 0
configure:5753: test -z 
			 || test ! -s conftest.err
configure:5756: $? = 0
configure:5759: test -s conftest.o
configure:5762: $? = 0
configure:5819: result: yes
configure:5830: checking whether time.h and sys/time.h may both be included
configure:5855: gcc -c -g -O2  conftest.c >&5
configure:5861: $? = 0
configure:5865: test -z 
			 || test ! -s conftest.err
configure:5868: $? = 0
configure:5871: test -s conftest.o
configure:5874: $? = 0
configure:5885: result: yes
configure:5895: checking for char
configure:5919: gcc -c -g -O2  conftest.c >&5
configure:5925: $? = 0
configure:5929: test -z 
			 || test ! -s conftest.err
configure:5932: $? = 0
configure:5935: test -s conftest.o
configure:5938: $? = 0
configure:5949: result: yes
configure:5952: checking size of char
configure:6271: gcc -o conftest -g -O2   conftest.c  >&5
configure:6274: $? = 0
configure:6276: ./conftest
configure:6279: $? = 0
configure:6302: result: 1
configure:6309: checking for short
configure:6333: gcc -c -g -O2  conftest.c >&5
configure:6339: $? = 0
configure:6343: test -z 
			 || test ! -s conftest.err
configure:6346: $? = 0
configure:6349: test -s conftest.o
configure:6352: $? = 0
configure:6363: result: yes
configure:6366: checking size of short
configure:6685: gcc -o conftest -g -O2   conftest.c  >&5
configure:6688: $? = 0
configure:6690: ./conftest
configure:6693: $? = 0
configure:6716: result: 2
configure:6723: checking for int
configure:6747: gcc -c -g -O2  conftest.c >&5
configure:6753: $? = 0
configure:6757: test -z 
			 || test ! -s conftest.err
configure:6760: $? = 0
configure:6763: test -s conftest.o
configure:6766: $? = 0
configure:6777: result: yes
configure:6780: checking size of int
configure:7099: gcc -o conftest -g -O2   conftest.c  >&5
configure:7102: $? = 0
configure:7104: ./conftest
configure:7107: $? = 0
configure:7130: result: 4
configure:7137: checking for long
configure:7161: gcc -c -g -O2  conftest.c >&5
configure:7167: $? = 0
configure:7171: test -z 
			 || test ! -s conftest.err
configure:7174: $? = 0
configure:7177: test -s conftest.o
configure:7180: $? = 0
configure:7191: result: yes
configure:7194: checking size of long
configure:7513: gcc -o conftest -g -O2   conftest.c  >&5
configure:7516: $? = 0
configure:7518: ./conftest
configure:7521: $? = 0
configure:7544: result: 8
configure:7551: checking for long long
configure:7575: gcc -c -g -O2  conftest.c >&5
configure:7581: $? = 0
configure:7585: test -z 
			 || test ! -s conftest.err
configure:7588: $? = 0
configure:7591: test -s conftest.o
configure:7594: $? = 0
configure:7605: result: yes
configure:7608: checking size of long long
configure:7927: gcc -o conftest -g -O2   conftest.c  >&5
configure:7930: $? = 0
configure:7932: ./conftest
configure:7935: $? = 0
configure:7958: result: 8
configure:7967: checking for error_at_line
configure:7988: gcc -o conftest -g -O2   conftest.c  >&5
conftest.c: In function 'main':
conftest.c:84:1: warning: implicit declaration of function 'error_at_line' [-Wimplicit-function-declaration]
   84 | error_at_line (0, 0, "", 0, "");
      | ^~~~~~~~~~~~~
configure:7994: $? = 0
configure:7998: test -z 
			 || test ! -s conftest.err
configure:8001: $? = 0
configure:8004: test -s conftest
configure:8007: $? = 0
configure:8019: result: yes
configure:8032: checking whether lstat dereferences a symlink specified with a trailing slash
configure:8063: gcc -o conftest -g -O2   conftest.c  >&5
configure:8066: $? = 0
configure:8068: ./conftest
configure:8071: $? = 0
configure:8092: result: yes
configure:8113: checking whether lstat accepts an empty string
configure:8138: gcc -o conftest -g -O2   conftest.c  >&5
configure:8141: $? = 0
configure:8143: ./conftest
configure:8146: $? = 1
configure: program exited with status 1
configure: failed program was:
| /* confdefs.h.  */
| 
| #define PACKAGE_NAME ""
| #define PACKAGE_TARNAME ""
| #define PACKAGE_VERSION ""
| #define PACKAGE_STRING ""
| #define PACKAGE_BUGREPORT ""
| #define PACKAGE "SimIt-ARM"
| #define VERSION "3.0"
| #ifdef __cplusplus
| extern "C" void std::exit (int) throw (); using std::exit;
| #endif
| #define STDC_HEADERS 1
| #define HAVE_SYS_TYPES_H 1
| #define HAVE_SYS_STAT_H 1
| #define HAVE_STDLIB_H 1
| #define HAVE_STRING_H 1
| #define HAVE_MEMORY_H 1
| #define HAVE_STRINGS_H 1
| #define HAVE_INTTYPES_H 1
| #define HAVE_STDINT_H 1
| #define HAVE_UNISTD_H 1
| #define HAVE_ARPA_INET_H 1
| #define HAVE_FCNTL_H 1
| #define HAVE_INTTYPES_H 1
| #define HAVE_NETINET_IN_H 1
| #define HAVE_STDDEF_H 1
| #define HAVE_STDINT_H 1
| #define HAVE_STDLIB_H 1
| #define HAVE_STRING_H 1
| #define HAVE_SYS_SOCKET_H 1
| #define HAVE_SYS_TIME_H 1
| #define HAVE_SYS_RESOURCE_H 1
| #define HAVE_TERMIOS_H 1
| #define HAVE_UNISTD_H 1
| #define HAVE_STRUCT_STAT_ST_BLKSIZE 1
| #define HAVE_STRUCT_STAT_ST_BLOCKS 1
| #define HAVE_ST_BLOCKS 1
| #define HAVE_STRUCT_STAT_ST_RDEV 1
| #define TIME_WITH_SYS_TIME 1
| #define SIZEOF_CHAR 1
| #define SIZEOF_SHORT 2
| #define SIZEOF_INT 4
| #define SIZEOF_LONG 8
| #define SIZEOF_LONG_LONG 8
| #define LSTAT_FOLLOWS_SLASHED_SYMLINK 1
| /* end confdefs.h.  */
| #include <stdio.h>
| #if HAVE_SYS_TYPES_H
| # include <sys/types.h>
| #endif
| #if HAVE_SYS_STAT_H
| # include <sys/stat.h>
| #endif
| #if STDC_HEADERS
| # include <stdlib.h>
| # include <stddef.h>
| #else
| # if HAVE_STDLIB_H
| #  include <stdlib.h>
| # endif
| #endif
| #if HAVE_STRING_H
| # if !STDC_HEADERS && HAVE_MEMORY_H
| #  include <memory.h>
| # endif
| # include <string.h>
| #endif
| #if HAVE_STRINGS_H
| # include <strings.h>
| #endif
| #if HAVE_INTTYPES_H
| # include <inttypes.h>
| #else
| # if HAVE_STDINT_H
| #  include <stdint.h>
| # endif
| #endif
| #if HAVE_UNISTD_H
| # include <unistd.h>
| #endif
| int
| main ()
| {
| struct stat sbuf;
|   exit (lstat ("", &sbuf) ? 1 : 0);
|   ;
|   return 0;
| }
configure:8160: result: no
configure:8178: checking whether lstat dereferences a symlink specified with a trailing slash
configure:8238: result: yes
configure:8264: checking for stdlib.h
configure:8269: result: yes
configure:8409: checking for GNU libc compatible malloc
configure:8438: gcc -o conftest -g -O2   conftest.c  >&5
configure:8441: $? = 0
configure:8443: ./conftest
configure:8446: $? = 0
configure:8460: result: yes
configure:8490: checking for working memcmp
configure:8538: gcc -o conftest -g -O2   conftest.c  >&5
configure:8541: $? = 0
configure:8543: ./conftest
configure:8546: $? = 0
configure:8560: result: yes
configure:8577: checking for stdlib.h
configure:8582: result: yes
configure:8577: checking for unistd.h
configure:8582: result: yes
configure:8726: checking for getpagesize
configure:8783: gcc -o conftest -g -O2   conftest.c  >&5
configure:8789: $? = 0
configure:8793: test -z 
			 || test ! -s conftest.err
configure:8796: $? = 0
configure:8799: test -s conftest
configure:8802: $? = 0
configure:8814: result: yes
configure:8824: checking for working mmap
configure:8966: gcc -o conftest -g -O2   conftest.c  >&5
configure:8969: $? = 0
configure:8971: ./conftest
configure:8974: $? = 0
configure:8988: result: yes
configure:9004: checking for stdlib.h
configure:9009: result: yes
configure:9149: checking for GNU libc compatible realloc
configure:9178: gcc -o conftest -g -O2   conftest.c  >&5
configure:9181: $? = 0
configure:9183: ./conftest
configure:9186: $? = 0
configure:9200: result: yes
configure:9245: checking sys/select.h usability
configure:9257: gcc -c -g -O2  conftest.c >&5
configure:9263: $? = 0
configure:9267: test -z 
			 || test ! -s conftest.err
configure:9270: $? = 0
configure:9273: test -s conftest.o
configure:9276: $? = 0
configure:9286: result: yes
configure:9290: checking sys/select.h presence
configure:9300: gcc -E  conftest.c
configure:9306: $? = 0
configure:9326: result: yes
configure:9361: checking for sys/select.h
configure:9368: result: yes
configure:9236: checking for sys/socket.h
configure:9241: result: yes
configure:9381: checking types of arguments for select
configure:9414: gcc -c -g -O2  conftest.c >&5
configure:9420: $? = 0
configure:9424: test -z 
			 || test ! -s conftest.err
configure:9427: $? = 0
configure:9430: test -s conftest.o
configure:9433: $? = 0
configure:9449: result: int,fd_set *,struct timeval *
configure:9472: checking return type of signal handlers
configure:9503: gcc -c -g -O2  conftest.c >&5
configure:9509: $? = 0
configure:9513: test -z 
			 || test ! -s conftest.err
configure:9516: $? = 0
configure:9519: test -s conftest.o
configure:9522: $? = 0
configure:9533: result: void
configure:9541: checking whether stat accepts an empty string
configure:9566: gcc -o conftest -g -O2   conftest.c  >&5
configure:9569: $? = 0
configure:9571: ./conftest
configure:9574: $? = 1
configure: program exited with status 1
configure: failed program was:
| /* confdefs.h.  */
| 
| #define PACKAGE_NAME ""
| #define PACKAGE_TARNAME ""
| #define PACKAGE_VERSION ""
| #define PACKAGE_STRING ""
| #define PACKAGE_BUGREPORT ""
| #define PACKAGE "SimIt-ARM"
| #define VERSION "3.0"
| #ifdef __cplusplus
| extern "C" void std::exit (int) throw (); using std::exit;
| #endif
| #define STDC_HEADERS 1
| #define HAVE_SYS_TYPES_H 1
| #define HAVE_SYS_STAT_H 1
| #define HAVE_STDLIB_H 1
| #define HAVE_STRING_H 1
| #define HAVE_MEMORY_H 1
| #define HAVE_STRINGS_H 1
| #define HAVE_INTTYPES_H 1
| #define HAVE_STDINT_H 1
| #define HAVE_UNISTD_H 1
| #define HAVE_ARPA_INET_H 1
| #define HAVE_FCNTL_H 1
| #define HAVE_INTTYPES_H 1
| #define HAVE_NETINET_IN_H 1
| #define HAVE_STDDEF_H 1
| #define HAVE_STDINT_H 1
| #define HAVE_STDLIB_H 1
| #define HAVE_STRING_H 1
| #define HAVE_SYS_SOCKET_H 1
| #define HAVE_SYS_TIME_H 1
| #define HAVE_SYS_RESOURCE_H 1
| #define HAVE_TERMIOS_H 1
| #define HAVE_UNISTD_H 1
| #define HAVE_STRUCT_STAT_ST_BLKSIZE 1
| #define HAVE_STRUCT_STAT_ST_BLOCKS 1
| #define HAVE_ST_BLOCKS 1
| #define HAVE_STRUCT_STAT_ST_RDEV 1
| #define TIME_WITH_SYS_TIME 1
| #define SIZEOF_CHAR 1
| #define SIZEOF_SHORT 2
| #define SIZEOF_INT 4
| #define SIZEOF_LONG 8
| #define SIZEOF_LONG_LONG 8
| #define LSTAT_FOLLOWS_SLASHED_SYMLINK 1
| #define LSTAT_FOLLOWS_SLASHED_SYMLINK 1
| #define HAVE_STDLIB_H 1
| #define HAVE_MALLOC 1
| #define HAVE_STDLIB_H 1
| #define HAVE_UNISTD_H 1
| #define HAVE_GETPAGESIZE 1
| #define HAVE_MMAP 1
| #define HAVE_STDLIB_H 1
| #define HAVE_REALLOC 1
| #define HAVE_SYS_SELECT_H 1
| #define HAVE_SYS_SOCKET_H 1
| #define SELECT_TYPE_ARG1 int
| #define SELECT_TYPE_ARG234 (fd_set *)
| #define SELECT_TYPE_ARG5 (struct timeval *)
| #define RETSIGTYPE void
| /* end confdefs.h.  */
| #include <stdio.h>
| #if HAVE_SYS_TYPES_H
| # include <sys/types.h>
| #endif
| #if HAVE_SYS_STAT_H
| # include <sys/stat.h>
| #endif
| #if STDC_HEADERS
| # include <stdlib.h>
| # include <stddef.h>
| #else
| # if HAVE_STDLIB_H
| #  include <stdlib.h>
| # endif
| #endif
| #if HAVE_STRING_H
| # if !STDC_HEADERS && HAVE_MEMORY_H
| #  include <memory.h>
| # endif
| # include <string.h>
| #endif
| #if HAVE_STRINGS_H
| # include <strings.h>
| #endif
| #if HAVE_INTTYPES_H
| # include <inttypes.h>
| #else
| # if HAVE_STDINT_H
| #  include <stdint.h>
| # endif
| #endif
| #if HAVE_UNISTD_H
| # include <unistd.h>
| #endif
| int
| main ()
| {
| struct stat sbuf;
|   exit (stat ("", &sbuf) ? 1 : 0);
|   ;
|   return 0;
| }
configure:9588: result: no
configure:9606: checking for working strtod
configure:9649: gcc -o conftest -g -O2   conftest.c  >&5
conftest.c: In function 'main':
conftest.c:75:7: warning: implicit declaration of function 'exit' [-Wimplicit-function-declaration]
   75 |       exit (1);
      |       ^~~~
conftest.c:1:1: note: include '<stdlib.h>' or provide a declaration of 'exit'
  +++ |+#include <stdlib.h>
    1 | /* confdefs.h.  */
conftest.c:75:7: warning: incompatible implicit declaration of built-in function 'exit' [-Wbuiltin-declaration-mismatch]
   75 |       exit (1);
      |       ^~~~
conftest.c:75:7: note: include '<stdlib.h>' or provide a declaration of 'exit'
conftest.c:85:7: warning: incompatible implicit declaration of built-in function 'exit' [-Wbuiltin-declaration-mismatch]
   85 |       exit (1);
      |       ^~~~
conftest.c:85:7: note: include '<stdlib.h>' or provide a declaration of 'exit'
conftest.c:87:3: warning: incompatible implicit declaration of built-in function 'exit' [-Wbuiltin-declaration-mismatch]
   87 |   exit (0);
      |   ^~~~
conftest.c:87:3: note: include '<stdlib.h>' or provide a declaration of 'exit'
configure:9652: $? = 0
configure:9654: ./conftest
configure:9657: $? = 0
configure:9671: result: yes
configure:9868: checking for atexit
configure:9925: gcc -o conftest -g -O2   conftest.c  >&5
configure:9931: $? = 0
configure:9935: test -z 
			 || test ! -s conftest.err
configure:9938: $? = 0
configure:9941: test -s conftest
configure:9944: $? = 0
configure:9956: result: yes
configure:9868: checking for inet_ntoa
configure:9925: gcc -o conftest -g -O2   conftest.c  >&5
configure:9931: $? = 0
configure:9935: test -z 
			 || test ! -s conftest.err
configure:9938: $? = 0
configure:9941: test -s conftest
configure:9944: $? = 0
configure:9956: result: yes
configure:9868: checking for memset
configure:9925: gcc -o conftest -g -O2   conftest.c  >&5
conftest.c:89:6: warning: conflicting types for built-in function 'memset'; expected 'void *(void *, int,  long unsigned int)' [-Wbuiltin-declaration-mismatch]
   89 | char memset ();
      |      ^~~~~~
conftest.c:76:1: note: 'memset' is declared in header '<string.h>'
   75 | # include <limits.h>
   76 | #else
configure:9931: $? = 0
configure:9935: test -z 
			 || test ! -s conftest.err
configure:9938: $? = 0
configure:9941: test -s conftest
configure:9944: $? = 0
configure:9956: result: yes
configure:9868: checking for mkdir
configure:9925: gcc -o conftest -g -O2   conftest.c  >&5
configure:9931: $? = 0
configure:9935: test -z 
			 || test ! -s conftest.err
configure:9938: $? = 0
configure:9941: test -s conftest
configure:9944: $? = 0
configure:9956: result: yes
configure:9868: checking for munmap
configure:9925: gcc -o conftest -g -O2   conftest.c  >&5
configure:9931: $? = 0
configure:9935: test -z 
			 || test ! -s conftest.err
configure:9938: $? = 0
configure:9941: test -s conftest
configure:9944: $? = 0
configure:9956: result: yes
configure:9868: checking for rmdir
configure:9925: gcc -o conftest -g -O2   conftest.c  >&5
configure:9931: $? = 0
configure:9935: test -z 
			 || test ! -s conftest.err
configure:9938: $? = 0
configure:9941: test -s conftest
configure:9944: $? = 0
configure:9956: result: yes
configure:9868: checking for select
configure:9925: gcc -o conftest -g -O2   conftest.c  >&5
configure:9931: $? = 0
configure:9935: test -z 
			 || test ! -s conftest.err
configure:9938: $? = 0
configure:9941: test -s conftest
configure:9944: $? = 0
configure:9956: result: yes
configure:9868: checking for socket
configure:9925: gcc -o conftest -g -O2   conftest.c  >&5
configure:9931: $? = 0
configure:9935: test -z 
			 || test ! -s conftest.err
configure:9938: $? = 0
configure:9941: test -s conftest
configure:9944: $? = 0
configure:9956: result: yes
configure:9868: checking for strcasecmp
configure:9925: gcc -o conftest -g -O2   conftest.c  >&5
conftest.c:95:6: warning: conflicting types for built-in function 'strcasecmp'; expected 'int(const char *, const char *)' [-Wbuiltin-declaration-mismatch]
   95 | char strcasecmp ();
      |      ^~~~~~~~~~
configure:9931: $? = 0
configure:9935: test -z 
			 || test ! -s conftest.err
configure:9938: $? = 0
configure:9941: test -s conftest
configure:9944: $? = 0
configure:9956: result: yes
configure:9868: checking for strchr
configure:9925: gcc -o conftest -g -O2   conftest.c  >&5
conftest.c:96:6: warning: conflicting types for built-in function 'strchr'; expected 'char *(const char *, int)' [-Wbuiltin-declaration-mismatch]
   96 | char strchr ();
      |      ^~~~~~
conftest.c:83:1: note: 'strchr' is declared in header '<string.h>'
   82 | # include <limits.h>
   83 | #else
configure:9931: $? = 0
configure:9935: test -z 
			 || test ! -s conftest.err
configure:9938: $? = 0
configure:9941: test -s conftest
configure:9944: $? = 0
configure:9956: result: yes
configure:9868: checking for strdup
configure:9925: gcc -o conftest -g -O2   conftest.c  >&5
conftest.c:97:6: warning: conflicting types for built-in function 'strdup'; expected 'char *(const char *)' [-Wbuiltin-declaration-mismatch]
   97 | char strdup ();
      |      ^~~~~~
configure:9931: $? = 0
configure:9935: test -z 
			 || test ! -s conftest.err
configure:9938: $? = 0
configure:9941: test -s conftest
configure:9944: $? = 0
configure:9956: result: yes
configure:9868: checking for strncasecmp
configure:9925: gcc -o conftest -g -O2   conftest.c  >&5
conftest.c:98:6: warning: conflicting types for built-in function 'strncasecmp'; expected 'int(const char *, const char *, long unsigned int)' [-Wbuiltin-declaration-mismatch]
   98 | char strncasecmp ();
      |      ^~~~~~~~~~~
configure:9931: $? = 0
configure:9935: test -z 
			 || test ! -s conftest.err
configure:9938: $? = 0
configure:9941: test -s conftest
configure:9944: $? = 0
configure:9956: result: yes
configure:9868: checking for strrchr
configure:9925: gcc -o conftest -g -O2   conftest.c  >&5
conftest.c:99:6: warning: conflicting types for built-in function 'strrchr'; expected 'char *(const char *, int)' [-Wbuiltin-declaration-mismatch]
   99 | char strrchr ();
      |      ^~~~~~~
conftest.c:86:1: note: 'strrchr' is declared in header '<string.h>'
   85 | # include <limits.h>
   86 | #else
configure:9931: $? = 0
configure:9935: test -z 
			 || test ! -s conftest.err
configure:9938: $? = 0
configure:9941: test -s conftest
configure:9944: $? = 0
configure:9956: result: yes
configure:9868: checking for strstr
configure:9925: gcc -o conftest -g -O2   conftest.c  >&5
conftest.c:100:6: warning: conflicting types for built-in function 'strstr'; expected 'char *(const char *, const char *)' [-Wbuiltin-declaration-mismatch]
  100 | char strstr ();
      |      ^~~~~~
conftest.c:87:1: note: 'strstr' is declared in header '<string.h>'
   86 | # include <limits.h>
   87 | #else
configure:9931: $? = 0
configure:9935: test -z 
			 || test ! -s conftest.err
configure:9938: $? = 0
configure:9941: test -s conftest
configure:9944: $? = 0
configure:9956: result: yes
configure:9868: checking for strtoul
configure:9925: gcc -o conftest -g -O2   conftest.c  >&5
configure:9931: $? = 0
configure:9935: test -z 
			 || test ! -s conftest.err
configure:9938: $? = 0
configure:9941: test -s conftest
configure:9944: $? = 0
configure:9956: result: yes
configure:9868: checking for strtoull
configure:9925: gcc -o conftest -g -O2   conftest.c  >&5
configure:9931: $? = 0
configure:9935: test -z 
			 || test ! -s conftest.err
configure:9938: $? = 0
configure:9941: test -s conftest
configure:9944: $? = 0
configure:9956: result: yes
configure:10099: creating ./config.status

## ---------------------- ##
## Running config.status. ##
## ---------------------- ##

This file was extended by config.status, which was
generated by GNU Autoconf 2.59.  Invocation command line was

  CONFIG_FILES    = 
  CONFIG_HEADERS  = 
  CONFIG_LINKS    = 
  CONFIG_COMMANDS = 
  $ ./config.status 

on shiva

config.status:709: creating Makefile
config.status:709: creating issgen/Makefile
config.status:709: creating decgen/Makefile
config.status:709: creating emulator/Makefile
config.status:709: creating jit/build_dll.hpp
config.status:709: creating jit/Makefile
config.status:813: creating config.h
config.status:1045: config.h is unchanged
config.status:1225: executing depfiles commands

## ---------------- ##
## Cache variables. ##
## ---------------- ##

ac_cv_c_bigendian=no
ac_cv_c_compiler_gnu=yes
ac_cv_c_const=yes
ac_cv_c_inline=inline
ac_cv_cxx_compiler_gnu=yes
ac_cv_env_CC_set=
ac_cv_env_CC_value=
ac_cv_env_CFLAGS_set=
ac_cv_env_CFLAGS_value=
ac_cv_env_CPPFLAGS_set=
ac_cv_env_CPPFLAGS_value=
ac_cv_env_CPP_set=
ac_cv_env_CPP_value=
ac_cv_env_CXXFLAGS_set=
ac_cv_env_CXXFLAGS_value=
ac_cv_env_CXX_set=
ac_cv_env_CXX_value=
ac_cv_env_LDFLAGS_set=
ac_cv_env_LDFLAGS_value=
ac_cv_env_build_alias_set=
ac_cv_env_build_alias_value=
ac_cv_env_host_alias_set=
ac_cv_env_host_alias_value=
ac_cv_env_target_alias_set=
ac_cv_env_target_alias_value=
ac_cv_exeext=
ac_cv_func_atexit=yes
ac_cv_func_getpagesize=yes
ac_cv_func_inet_ntoa=yes
ac_cv_func_lstat_dereferences_slashed_symlink=yes
ac_cv_func_lstat_empty_string_bug=no
ac_cv_func_malloc_0_nonnull=yes
ac_cv_func_memcmp_working=yes
ac_cv_func_memset=yes
ac_cv_func_mkdir=yes
ac_cv_func_mmap_fixed_mapped=yes
ac_cv_func_munmap=yes
ac_cv_func_realloc_0_nonnull=yes
ac_cv_func_rmdir=yes
ac_cv_func_select=yes
ac_cv_func_select_args='int,fd_set *,struct timeval *'
ac_cv_func_socket=yes
ac_cv_func_stat_empty_string_bug=no
ac_cv_func_strcasecmp=yes
ac_cv_func_strchr=yes
ac_cv_func_strdup=yes
ac_cv_func_strncasecmp=yes
ac_cv_func_strrchr=yes
ac_cv_func_strstr=yes
ac_cv_func_strtod=yes
ac_cv_func_strtoul=yes
ac_cv_func_strtoull=yes
ac_cv_header_arpa_inet_h=yes
ac_cv_header_fcntl_h=yes
ac_cv_header_inttypes_h=yes
ac_cv_header_memory_h=yes
ac_cv_header_netinet_in_h=yes
ac_cv_header_stdc=yes
ac_cv_header_stddef_h=yes
ac_cv_header_stdint_h=yes
ac_cv_header_stdlib_h=yes
ac_cv_header_string_h=yes
ac_cv_header_strings_h=yes
ac_cv_header_sys_resource_h=yes
ac_cv_header_sys_select_h=yes
ac_cv_header_sys_socket_h=yes
ac_cv_header_sys_stat_h=yes
ac_cv_header_sys_time_h=yes
ac_cv_header_sys_types_h=yes
ac_cv_header_termios_h=yes
ac_cv_header_time=yes
ac_cv_header_unistd_h=yes
ac_cv_lib_error_at_line=yes
ac_cv_lib_fl_yywrap=no
ac_cv_lib_l_yywrap=no
ac_cv_member_struct_stat_st_blksize=yes
ac_cv_member_struct_stat_st_blocks=yes
ac_cv_member_struct_stat_st_rdev=yes
ac_cv_objext=o
ac_cv_path_install='/usr/bin/install -c'
ac_cv_prog_AWK=gawk
ac_cv_prog_CPP='gcc -E'
ac_cv_prog_ac_ct_CC=gcc
ac_cv_prog_ac_ct_CXX=g++
ac_cv_prog_ac_ct_RANLIB=ranlib
ac_cv_prog_cc_g=yes
ac_cv_prog_cc_stdc=
ac_cv_prog_cxx_g=yes
ac_cv_prog_egrep='grep -E'
ac_cv_prog_make_make_set=yes
ac_cv_sizeof_char=1
ac_cv_sizeof_int=4
ac_cv_sizeof_long=8
ac_cv_sizeof_long_long=8
ac_cv_sizeof_short=2
ac_cv_type_char=yes
ac_cv_type_int=yes
ac_cv_type_long=yes
ac_cv_type_long_long=yes
ac_cv_type_mode_t=yes
ac_cv_type_off_t=yes
ac_cv_type_pid_t=yes
ac_cv_type_short=yes
ac_cv_type_signal=void
ac_cv_type_size_t=yes
ac_cv_type_uid_t=yes
am_cv_CC_dependencies_compiler_type=gcc3
am_cv_CXX_dependencies_compiler_type=gcc3

## ----------------- ##
## Output variables. ##
## ----------------- ##

ACLOCAL='${SHELL} /home/shiva/tmp/CAPSTONE/compression-others/sim/SimIt-ARM-3.0/missing --run aclocal-1.8'
AMDEPBACKSLASH='\'
AMDEP_FALSE='#'
AMDEP_TRUE=''
AMTAR='${SHELL} /home/shiva/tmp/CAPSTONE/compression-others/sim/SimIt-ARM-3.0/missing --run tar'
AUTOCONF='${SHELL} /home/shiva/tmp/CAPSTONE/compression-others/sim/SimIt-ARM-3.0/missing --run autoconf'
AUTOHEADER='${SHELL} /home/shiva/tmp/CAPSTONE/compression-others/sim/SimIt-ARM-3.0/missing --run autoheader'
AUTOMAKE='${SHELL} /home/shiva/tmp/CAPSTONE/compression-others/sim/SimIt-ARM-3.0/missing --run automake-1.8'
AWK='gawk'
CC='gcc'
CCDEPMODE='depmode=gcc3'
CFLAGS='-g -O2'
CPP='gcc -E'
CPPFLAGS=''
CXX='g++'
CXXDEPMODE='depmode=gcc3'
CXXFLAGS='-O3 -finline-limit=5000 -fomit-frame-pointer'
CYGPATH_W='echo'
DEFS='-DHAVE_CONFIG_H'
DEPDIR='.deps'
ECHO_C=''
ECHO_N='-n'
ECHO_T=''
EGREP='grep -E'
ENABLE_DEV_FALSE=''
ENABLE_DEV_TRUE='#'
ENABLE_JIT_FALSE=''
ENABLE_JIT_TRUE='#'
EXEEXT=''
INSTALL_DATA='${INSTALL} -m 644'
INSTALL_PROGRAM='${INSTALL}'
INSTALL_SCRIPT='${INSTALL}'
INSTALL_STRIP_PROGRAM='${SHELL} $(install_sh) -c -s'
LDFLAGS=''
LEX='${SHELL} /home/shiva/tmp/CAPSTONE/compression-others/sim/SimIt-ARM-3.0/missing --run flex'
LEXLIB=''
LEX_OUTPUT_ROOT=''
LIBOBJS=''
LIBS=''
LTLIBOBJS=''
MAKEINFO='${SHELL} /home/shiva/tmp/CAPSTONE/compression-others/sim/SimIt-ARM-3.0/missing --run makeinfo'
OBJEXT='o'
PACKAGE='SimIt-ARM'
PACKAGE_BUGREPORT=''
PACKAGE_NAME=''
PACKAGE_STRING=''
PACKAGE_TARNAME=''
PACKAGE_VERSION=''
PATH_SEPARATOR=':'
POW_LIB=''
RANLIB='ranlib'
SET_MAKE=''
SHELL='/bin/bash'
STRIP=''
VERSION='3.0'
YACC='yacc'
ac_ct_CC='gcc'
ac_ct_CXX='g++'
ac_ct_RANLIB='ranlib'
ac_ct_STRIP=''
am__fastdepCC_FALSE='#'
am__fastdepCC_TRUE=''
am__fastdepCXX_FALSE='#'
am__fastdepCXX_TRUE=''
am__include='include'
am__leading_dot='.'
am__quote=''
bindir='${exec_prefix}/bin'
build_alias=''
datadir='${prefix}/share'
exec_prefix='${prefix}'
host_alias=''
includedir='${prefix}/include'
infodir='${prefix}/info'
install_sh='/home/shiva/tmp/CAPSTONE/compression-others/sim/SimIt-ARM-3.0/install-sh'
libdir='${exec_prefix}/lib'
libexecdir='${exec_prefix}/libexec'
localstatedir='${prefix}/var'
mandir='${prefix}/man'
mkdir_p='mkdir -p -- .'
oldincludedir='/usr/include'
prefix='/home/shiva/tmp/CAPSTONE/compression-others/sim/SimIt-ARM-3.0/build'
program_transform_name='s,x,x,'
sbindir='${exec_prefix}/sbin'
sharedstatedir='${prefix}/com'
sysconfdir='${prefix}/etc'
target_alias=''

## ----------- ##
## confdefs.h. ##
## ----------- ##

#define HAVE_ARPA_INET_H 1
#define HAVE_ATEXIT 1
#define HAVE_FCNTL_H 1
#define HAVE_GETPAGESIZE 1
#define HAVE_INET_NTOA 1
#define HAVE_INTTYPES_H 1
#define HAVE_INTTYPES_H 1
#define HAVE_MALLOC 1
#define HAVE_MEMORY_H 1
#define HAVE_MEMSET 1
#define HAVE_MKDIR 1
#define HAVE_MMAP 1
#define HAVE_MUNMAP 1
#define HAVE_NETINET_IN_H 1
#define HAVE_REALLOC 1
#define HAVE_RMDIR 1
#define HAVE_SELECT 1
#define HAVE_SOCKET 1
#define HAVE_STDDEF_H 1
#define HAVE_STDINT_H 1
#define HAVE_STDINT_H 1
#define HAVE_STDLIB_H 1
#define HAVE_STDLIB_H 1
#define HAVE_STDLIB_H 1
#define HAVE_STDLIB_H 1
#define HAVE_STDLIB_H 1
#define HAVE_STRCASECMP 1
#define HAVE_STRCHR 1
#define HAVE_STRDUP 1
#define HAVE_STRINGS_H 1
#define HAVE_STRING_H 1
#define HAVE_STRING_H 1
#define HAVE_STRNCASECMP 1
#define HAVE_STRRCHR 1
#define HAVE_STRSTR 1
#define HAVE_STRTOUL 1
#define HAVE_STRTOULL 1
#define HAVE_STRUCT_STAT_ST_BLKSIZE 1
#define HAVE_STRUCT_STAT_ST_BLOCKS 1
#define HAVE_STRUCT_STAT_ST_RDEV 1
#define HAVE_ST_BLOCKS 1
#define HAVE_SYS_RESOURCE_H 1
#define HAVE_SYS_SELECT_H 1
#define HAVE_SYS_SOCKET_H 1
#define HAVE_SYS_SOCKET_H 1
#define HAVE_SYS_STAT_H 1
#define HAVE_SYS_TIME_H 1
#define HAVE_SYS_TYPES_H 1
#define HAVE_TERMIOS_H 1
#define HAVE_UNISTD_H 1
#define HAVE_UNISTD_H 1
#define HAVE_UNISTD_H 1
#define LSTAT_FOLLOWS_SLASHED_SYMLINK 1
#define LSTAT_FOLLOWS_SLASHED_SYMLINK 1
#define PACKAGE "SimIt-ARM"
#define PACKAGE_BUGREPORT ""
#define PACKAGE_NAME ""
#define PACKAGE_STRING ""
#define PACKAGE_TARNAME ""
#define PACKAGE_VERSION ""
#define RETSIGTYPE void
#define SELECT_TYPE_ARG1 int
#define SELECT_TYPE_ARG234 (fd_set *)
#define SELECT_TYPE_ARG5 (struct timeval *)
#define SIZEOF_CHAR 1
#define SIZEOF_INT 4
#define SIZEOF_LONG 8
#define SIZEOF_LONG_LONG 8
#define SIZEOF_SHORT 2
#define STDC_HEADERS 1
#define TIME_WITH_SYS_TIME 1
#define VERSION "3.0"
#endif
#ifdef __cplusplus
extern "C" void std::exit (int) throw (); using std::exit;

configure: exit 0
